0 info it worked if it ends with ok
1 verbose cli [ 'node', '/usr/local/bin/npm', 'publish' ]
2 info using npm@1.4.10
3 info using node@v0.10.28
4 verbose node symlink /usr/local/bin/node
5 verbose publish [ '.' ]
6 verbose cache add [ '.', null ]
7 verbose cache add name=undefined spec="." args=[".",null]
8 verbose parsed url { protocol: null,
8 verbose parsed url   slashes: null,
8 verbose parsed url   auth: null,
8 verbose parsed url   host: null,
8 verbose parsed url   port: null,
8 verbose parsed url   hostname: null,
8 verbose parsed url   hash: null,
8 verbose parsed url   search: null,
8 verbose parsed url   query: null,
8 verbose parsed url   pathname: '.',
8 verbose parsed url   path: '.',
8 verbose parsed url   href: '.' }
9 silly lockFile 3a52ce78- .
10 verbose lock . /Users/PARSONS/.npm/3a52ce78-.lock
11 verbose tar pack [ '/var/folders/_y/t_4ggmmj1hsfp2f8zxzw9zyh0000gn/T/npm-24399-FZQ6fgLK/1400476780910-0.789392861071974/tmp.tgz',
11 verbose tar pack   '.' ]
12 verbose tarball /var/folders/_y/t_4ggmmj1hsfp2f8zxzw9zyh0000gn/T/npm-24399-FZQ6fgLK/1400476780910-0.789392861071974/tmp.tgz
13 verbose folder .
14 info prepublish restify-https@0.0.1
15 silly lockFile 1f1177db-tar tar://.
16 verbose lock tar://. /Users/PARSONS/.npm/1f1177db-tar.lock
17 silly lockFile 94a04c22-780910-0-789392861071974-tmp-tgz tar:///var/folders/_y/t_4ggmmj1hsfp2f8zxzw9zyh0000gn/T/npm-24399-FZQ6fgLK/1400476780910-0.789392861071974/tmp.tgz
18 verbose lock tar:///var/folders/_y/t_4ggmmj1hsfp2f8zxzw9zyh0000gn/T/npm-24399-FZQ6fgLK/1400476780910-0.789392861071974/tmp.tgz /Users/PARSONS/.npm/94a04c22-780910-0-789392861071974-tmp-tgz.lock
19 silly lockFile 1f1177db-tar tar://.
20 silly lockFile 1f1177db-tar tar://.
21 silly lockFile 94a04c22-780910-0-789392861071974-tmp-tgz tar:///var/folders/_y/t_4ggmmj1hsfp2f8zxzw9zyh0000gn/T/npm-24399-FZQ6fgLK/1400476780910-0.789392861071974/tmp.tgz
22 silly lockFile 94a04c22-780910-0-789392861071974-tmp-tgz tar:///var/folders/_y/t_4ggmmj1hsfp2f8zxzw9zyh0000gn/T/npm-24399-FZQ6fgLK/1400476780910-0.789392861071974/tmp.tgz
23 verbose tar unpack /var/folders/_y/t_4ggmmj1hsfp2f8zxzw9zyh0000gn/T/npm-24399-FZQ6fgLK/1400476780910-0.789392861071974/tmp.tgz
24 silly lockFile 89f122c2--npm-restify-https-0-0-1-package tar:///Users/PARSONS/.npm/restify-https/0.0.1/package
25 verbose lock tar:///Users/PARSONS/.npm/restify-https/0.0.1/package /Users/PARSONS/.npm/89f122c2--npm-restify-https-0-0-1-package.lock
26 silly lockFile 94a04c22-780910-0-789392861071974-tmp-tgz tar:///var/folders/_y/t_4ggmmj1hsfp2f8zxzw9zyh0000gn/T/npm-24399-FZQ6fgLK/1400476780910-0.789392861071974/tmp.tgz
27 verbose lock tar:///var/folders/_y/t_4ggmmj1hsfp2f8zxzw9zyh0000gn/T/npm-24399-FZQ6fgLK/1400476780910-0.789392861071974/tmp.tgz /Users/PARSONS/.npm/94a04c22-780910-0-789392861071974-tmp-tgz.lock
28 silly gunzTarPerm modes [ '755', '644' ]
29 silly gunzTarPerm extractEntry package.json
30 silly gunzTarPerm extractEntry README.md
31 silly gunzTarPerm extractEntry index.js
32 silly lockFile 89f122c2--npm-restify-https-0-0-1-package tar:///Users/PARSONS/.npm/restify-https/0.0.1/package
33 silly lockFile 89f122c2--npm-restify-https-0-0-1-package tar:///Users/PARSONS/.npm/restify-https/0.0.1/package
34 silly lockFile 94a04c22-780910-0-789392861071974-tmp-tgz tar:///var/folders/_y/t_4ggmmj1hsfp2f8zxzw9zyh0000gn/T/npm-24399-FZQ6fgLK/1400476780910-0.789392861071974/tmp.tgz
35 silly lockFile 94a04c22-780910-0-789392861071974-tmp-tgz tar:///var/folders/_y/t_4ggmmj1hsfp2f8zxzw9zyh0000gn/T/npm-24399-FZQ6fgLK/1400476780910-0.789392861071974/tmp.tgz
36 silly lockFile 3a52ce78- .
37 silly lockFile 3a52ce78- .
38 silly publish { name: 'restify-https',
38 silly publish   version: '0.0.1',
38 silly publish   description: 'A simple Restify plugin that requires requests to be made via HTTPS only.',
38 silly publish   main: 'index.js',
38 silly publish   scripts: { test: 'echo "Error: no test specified" && exit 1' },
38 silly publish   repository:
38 silly publish    { type: 'git',
38 silly publish      url: 'https://github.com/nparsons08/restify-https.git' },
38 silly publish   keywords: [ 'restify', 'https' ],
38 silly publish   author:
38 silly publish    { name: 'Nick Parsons',
38 silly publish      email: 'nparsons08@gmail.com',
38 silly publish      url: 'https://github.com/nparsons08' },
38 silly publish   license: 'MIT',
38 silly publish   bugs: { url: 'https://github.com/nparsons08/restify-https/issues' },
38 silly publish   homepage: 'https://github.com/nparsons08/restify-https',
38 silly publish   readme: 'restify-https\n=============\n\nA simple Restify plugin that requires requests to be made via HTTPS only.\n\nExample:\n\n```\nvar server = require(\'restiry\'),\n    https = require(\'restify-https\');\n\nserver.use(https({ override: false }));\n```\n\nFor more information using custom plugins, please refer to the [Restify docs](http://mcavage.me/node-restify/).\n',
38 silly publish   readmeFilename: 'README.md',
38 silly publish   _id: 'restify-https@0.0.1',
38 silly publish   _shasum: '3bb94343eb5c8bda4eba3f75e0863d14f95a344d',
38 silly publish   _from: '.' }
39 verbose url raw restify-https
40 verbose url resolving [ 'https://registry.npmjs.org/', './restify-https' ]
41 verbose url resolved https://registry.npmjs.org/restify-https
42 info trying registry request attempt 1 at 23:19:40
43 http PUT https://registry.npmjs.org/restify-https
44 http 403 https://registry.npmjs.org/restify-https
45 verbose headers { date: 'Mon, 19 May 2014 05:19:41 GMT',
45 verbose headers   server: 'CouchDB/1.5.0 (Erlang OTP/R14B04)',
45 verbose headers   'content-type': 'application/json',
45 verbose headers   'cache-control': 'max-age=1',
45 verbose headers   'content-length': '2727',
45 verbose headers   'accept-ranges': 'bytes',
45 verbose headers   via: '1.1 varnish',
45 verbose headers   'x-served-by': 'cache-lax1434-LAX',
45 verbose headers   'x-cache': 'MISS',
45 verbose headers   'x-cache-hits': '0',
45 verbose headers   'x-timer': 'S1400476781.205684900,VS0,VE139',
45 verbose headers   'keep-alive': 'timeout=10, max=50',
45 verbose headers   connection: 'Keep-Alive' }
46 error publish Failed PUT 403
47 error Error: forbidden cannot modify pre-existing version: 0.0.1
47 error old={"name":"restify-https","version":"0.0.1","description":"A simple Restify plugin that requires requests to be made via HTTPS only.","main":"index.js","scripts":{"test":"echo \"Error: no test specified\" && exit 1"},"repository":{"type":"git","url":"https://github.com/nparsons08/restify-https.git"},"keywords":["restify","https"],"author":{"name":"Nick Parsons","email":"nparsons08@gmail.com","url":"https://github.com/nparsons08"},"license":"MIT","bugs":{"url":"https://github.com/nparsons08/restify-https/issues"},"homepage":"https://github.com/nparsons08/restify-https","_id":"restify-https@0.0.1","_shasum":"5c8f84370e68340b23a37ce0c646ab311a4a8a44","_from":".","_npmVersion":"1.4.10","_npmUser":{"name":"nparsons08","email":"nparsons08@gmail.com"},"maintainers":[{"name":"nparsons08","email":"nparsons08@gmail.com"}],"dist":{"shasum":"5c8f84370e68340b23a37ce0c646ab311a4a8a44","tarball":"http://registry.npmjs.org/restify-https/-/restify-https-0.0.1.tgz"}}
47 error new={"name":"restify-https","version":"0.0.1","description":"A simple Restify plugin that requires requests to be made via HTTPS only.","main":"index.js","scripts":{"test":"echo \"Error: no test specified\" && exit 1"},"repository":{"type":"git","url":"https://github.com/nparsons08/restify-https.git"},"keywords":["restify","https"],"author":{"name":"Nick Parsons","email":"nparsons08@gmail.com","url":"https://github.com/nparsons08"},"license":"MIT","bugs":{"url":"https://github.com/nparsons08/restify-https/issues"},"homepage":"https://github.com/nparsons08/restify-https","readme":"restify-https\u000a=============\u000a\u000aA simple Restify plugin that requires requests to be made via HTTPS only.\u000a\u000aExample:\u000a\u000a```\u000avar server = require('restiry'),\u000a    https = require('restify-https');\u000a\u000aserver.use(https({ override: false }));\u000a```\u000a\u000aFor more information using custom plugins, please refer to the [Restify docs](http://mcavage.me/node-restify/).\u000a","readmeFilename":"README.md","_id":"restify-https@0.0.1","_shasum":"3bb94343eb5c8bda4eba3f75e0863d14f95a344d","_from":".","_npmVersion":"1.4.10","_npmUser":{"name":"nparsons08","email":"nparsons08@gmail.com"},"maintainers":[{"name":"nparsons08","email":"nparsons08@gmail.com"}],"dist":{"shasum":"3bb94343eb5c8bda4eba3f75e0863d14f95a344d","tarball":"http://registry.npmjs.org/restify-https/-/restify-https-0.0.1.tgz"}}: restify-https
47 error     at RegClient.<anonymous> (/usr/local/lib/node_modules/npm/node_modules/npm-registry-client/lib/request.js:273:14)
47 error     at Request._callback (/usr/local/lib/node_modules/npm/node_modules/npm-registry-client/lib/request.js:211:65)
47 error     at Request.self.callback (/usr/local/lib/node_modules/npm/node_modules/request/request.js:123:22)
47 error     at Request.EventEmitter.emit (events.js:98:17)
47 error     at Request.<anonymous> (/usr/local/lib/node_modules/npm/node_modules/request/request.js:893:14)
47 error     at Request.EventEmitter.emit (events.js:117:20)
47 error     at IncomingMessage.<anonymous> (/usr/local/lib/node_modules/npm/node_modules/request/request.js:844:12)
47 error     at IncomingMessage.EventEmitter.emit (events.js:117:20)
47 error     at _stream_readable.js:919:16
47 error     at process._tickCallback (node.js:419:13)
48 error If you need help, you may report this *entire* log,
48 error including the npm and node versions, at:
48 error     <http://github.com/npm/npm/issues>
49 error System Darwin 13.2.0
50 error command "node" "/usr/local/bin/npm" "publish"
51 error cwd /Users/PARSONS/Code/personal/restify-https
52 error node -v v0.10.28
53 error npm -v 1.4.10
54 verbose exit [ 1, true ]
